E (95291) task_wdt: Task watchdog got triggered. The following tasks/users did not reset the watchdog in time:
E (95291) task_wdt:  - loopTask (CPU 1)
E (95292) task_wdt: Tasks currently running:
E (95292) task_wdt: CPU 0: IDLE0
E (95292) task_wdt: CPU 1: IDLE1
E (95294) task_wdt: Aborting.
E (95306) task_wdt: Print CPU 1 (current core) backtrace
Backtrace: 0x400862bb:0x3ffc4410 0x40102dd1:0x3ffc4430 0x4008ab7f:0x3ffc4450 0x40089bb5:0x3ffc4470
ELF file SHA256: 4b62f5b0c
Rebooting...
ets Jul 29 2019 12:21:46
rst:0xc (SW_CPU_RESET),boot:0x12 (SPI_FAST_FLASH_BOOT)
configsip: 0, SPIWP:0xee
clk_drv:0x00,q_drv:0x00,d_drv:0x00,cs0_drv:0x00,hd_drv:0x00,wp_drv:0x00
mode:DIO, clock div:1
load:0x3fff0030,len:4980
load:0x40078000,len:16612
load:0x40080400,len:3500
entry 0x400805b4
[BOOT] UART pr??t
????????? OTT Firmware v1.0 ?????????
Serial: OTT-XX-XXX | ICCID: 8933012345
?????? Serial temporaire ??? Backend assignera OTT-YY-NNN
???? Auth: ICCID uniquement (pas de JWT)
[WDT] arm?? (30s)
??????  Sleep 5min | GPS OFF | WDT 30s | APN free
???? USB: Mode streaming (1s interval)
??? Streaming d??marr?? | Modem: arri??re-plan
00:00:03[SENSOR] Airflow passes=2 samples/passe=10 delay=5ms
00:00:03[SENSOR] Airflow raw=4095.0
00:00:03[SENSOR] Batterie ADC=2327 | V_adc=1.875V | V_batt=3.750V | Charge=62.5%
{"mode":"usb_stream","type":"usb_stream","seq":1,"sim_iccid":"8933150821051278837","device_serial":"OTT-XX-XXX","firmware_version":"1.0","device_name":"OTT-8837","flow_lpm":0,"flowrate":0,"battery_percent":62.53971,"battery":62.53971,"rssi":0,"signal_strength":0,"interval_ms":1000,"sleep_minutes":5,"measurement_duration_ms":5,"calibration_coefficients":[0,1,0],"airflow_passes":2,"airflow_samples_per_pass":10,"airflow_delay_ms":5,"timestamp_ms":3176,"status":"USB_STREAM"}
00:00:04[SENSOR] Airflow passes=2 samples/passe=10 delay=5ms
00:00:04[SENSOR] Airflow raw=4095.0
00:00:04[SENSOR] Batterie ADC=2325 | V_adc=1.874V | V_batt=3.747V | Charge=62.3%
{"mode":"usb_stream","type":"usb_stream","seq":2,"sim_iccid":"8933150821051278837","device_serial":"OTT-XX-XXX","firmware_version":"1.0","device_name":"OTT-8837","flow_lpm":0,"flowrate":0,"battery_percent":62.27109,"battery":62.27109,"rssi":0,"signal_strength":0,"interval_ms":1000,"sleep_minutes":5,"measurement_duration_ms":5,"calibration_coefficients":[0,1,0],"airflow_passes":2,"airflow_samples_per_pass":10,"airflow_delay_ms":5,"timestamp_ms":4227,"status":"USB_STREAM"}
00:00:05[SENSOR] Airflow passes=2 samples/passe=10 delay=5ms
00:00:05[SENSOR] Airflow raw=4095.0
00:00:05[SENSOR] Batterie ADC=2327 | V_adc=1.875V | V_batt=3.750V | Charge=62.5%
{"mode":"usb_stream","type":"usb_stream","seq":3,"sim_iccid":"8933150821051278837","device_serial":"OTT-XX-XXX","firmware_version":"1.0","device_name":"OTT-8837","flow_lpm":0,"flowrate":0,"battery_percent":62.53971,"battery":62.53971,"rssi":0,"signal_strength":0,"interval_ms":1000,"sleep_minutes":5,"measurement_duration_ms":5,"calibration_coefficients":[0,1,0],"airflow_passes":2,"airflow_samples_per_pass":10,"airflow_delay_ms":5,"timestamp_ms":5278,"status":"USB_STREAM"}
00:00:06[SENSOR] Airflow passes=2 samples/passe=10 delay=5ms
00:00:06[SENSOR] Airflow raw=4095.0
00:00:06[SENSOR] Batterie ADC=2330 | V_adc=1.878V | V_batt=3.755V | Charge=62.9%
{"mode":"usb_stream","type":"usb_stream","seq":4,"sim_iccid":"8933150821051278837","device_serial":"OTT-XX-XXX","firmware_version":"1.0","device_name":"OTT-8837","flow_lpm":0,"flowrate":0,"battery_percent":62.94263,"battery":62.94263,"rssi":0,"signal_strength":0,"interval_ms":1000,"sleep_minutes":5,"measurement_duration_ms":5,"calibration_coefficients":[0,1,0],"airflow_passes":2,"airflow_samples_per_pass":10,"airflow_delay_ms":5,"timestamp_ms":6329,"status":"USB_STREAM"}
00:00:07[SENSOR] Airflow passes=2 samples/passe=10 delay=5ms
00:00:07[SENSOR] Airflow raw=4095.0
00:00:07[SENSOR] Batterie ADC=2327 | V_adc=1.875V | V_batt=3.750V | Charge=62.5%
{"mode":"usb_stream","type":"usb_stream","seq":5,"sim_iccid":"8933150821051278837","device_serial":"OTT-XX-XXX","firmware_version":"1.0","device_name":"OTT-8837","flow_lpm":0,"flowrate":0,"battery_percent":62.53971,"battery":62.53971,"rssi":0,"signal_strength":0,"interval_ms":1000,"sleep_minutes":5,"measurement_duration_ms":5,"calibration_coefficients":[0,1,0],"airflow_passes":2,"airflow_samples_per_pass":10,"airflow_delay_ms":5,"timestamp_ms":7380,"status":"USB_STREAM"}
00:00:08[SENSOR] Airflow passes=2 samples/passe=10 delay=5ms
00:00:08[SENSOR] Airflow raw=4095.0
00:00:08[SENSOR] Batterie ADC=2327 | V_adc=1.875V | V_batt=3.750V | Charge=62.5%
{"mode":"usb_stream","type":"usb_stream","seq":6,"sim_iccid":"8933150821051278837","device_serial":"OTT-XX-XXX","firmware_version":"1.0","device_name":"OTT-8837","flow_lpm":0,"flowrate":0,"battery_percent":62.53971,"battery":62.53971,"rssi":0,"signal_strength":0,"interval_ms":1000,"sleep_minutes":5,"measurement_duration_ms":5,"calibration_coefficients":[0,1,0],"airflow_passes":2,"airflow_samples_per_pass":10,"airflow_delay_ms":5,"timestamp_ms":8431,"status":"USB_STREAM"}
00:00:09[SENSOR] Airflow passes=2 samples/passe=10 delay=5ms
00:00:09[SENSOR] Airflow raw=4095.0
00:00:09[SENSOR] Batterie ADC=2326 | V_adc=1.874V | V_batt=3.749V | Charge=62.4%
{"mode":"usb_stream","type":"usb_stream","seq":7,"sim_iccid":"8933150821051278837","device_serial":"OTT-XX-XXX","firmware_version":"1.0","device_name":"OTT-8837","flow_lpm":0,"flowrate":0,"battery_percent":62.4054,"battery":62.4054,"rssi":0,"signal_strength":0,"interval_ms":1000,"sleep_minutes":5,"measurement_duration_ms":5,"calibration_coefficients":[0,1,0],"airflow_passes":2,"airflow_samples_per_pass":10,"airflow_delay_ms":5,"timestamp_ms":9482,"status":"USB_STREAM"}
00:00:10[SENSOR] Airflow passes=2 samples/passe=10 delay=5ms
00:00:10[SENSOR] Airflow raw=4095.0
00:00:10[SENSOR] Batterie ADC=2327 | V_adc=1.875V | V_batt=3.750V | Charge=62.5%
{"mode":"usb_stream","type":"usb_stream","seq":8,"sim_iccid":"8933150821051278837","device_serial":"OTT-XX-XXX","firmware_version":"1.0","device_name":"OTT-8837","flow_lpm":0,"flowrate":0,"battery_percent":62.53971,"battery":62.53971,"rssi":0,"signal_strength":0,"interval_ms":1000,"sleep_minutes":5,"measurement_duration_ms":5,"calibration_coefficients":[0,1,0],"airflow_passes":2,"airflow_samples_per_pass":10,"airflow_delay_ms":5,"timestamp_ms":10533,"status":"USB_STREAM"}
00:00:11[SENSOR] Airflow passes=2 samples/passe=10 delay=5ms
00:00:11[SENSOR] Airflow raw=4095.0
00:00:11[SENSOR] Batterie ADC=2327 | V_adc=1.875V | V_batt=3.750V | Charge=62.5%
{"mode":"usb_stream","type":"usb_stream","seq":9,"sim_iccid":"8933150821051278837","device_serial":"OTT-XX-XXX","firmware_version":"1.0","device_name":"OTT-8837","flow_lpm":0,"flowrate":0,"battery_percent":62.53971,"battery":62.53971,"rssi":0,"signal_strength":0,"interval_ms":1000,"sleep_minutes":5,"measurement_duration_ms":5,"calibration_coefficients":[0,1,0],"airflow_passes":2,"airflow_samples_per_pass":10,"airflow_delay_ms":5,"timestamp_ms":11584,"status":"USB_STREAM"}
00:00:12[SENSOR] Airflow passes=2 samples/passe=10 delay=5ms
00:00:12[SENSOR] Airflow raw=4095.0
00:00:12[SENSOR] Batterie ADC=2329 | V_adc=1.877V | V_batt=3.754V | Charge=62.8%
{"mode":"usb_stream","type":"usb_stream","seq":10,"sim_iccid":"8933150821051278837","device_serial":"OTT-XX-XXX","firmware_version":"1.0","device_name":"OTT-8837","flow_lpm":0,"flowrate":0,"battery_percent":62.80832,"battery":62.80832,"rssi":0,"signal_strength":0,"interval_ms":1000,"sleep_minutes":5,"measurement_duration_ms":5,"calibration_coefficients":[0,1,0],"airflow_passes":2,"airflow_samples_per_pass":10,"airflow_delay_ms":5,"timestamp_ms":12635,"status":"USB_STREAM"}
00:00:13[SENSOR] Airflow passes=2 samples/passe=10 delay=5ms
00:00:13[SENSOR] Airflow raw=4095.0
00:00:13[SENSOR] Batterie ADC=2327 | V_adc=1.875V | V_batt=3.750V | Charge=62.5%
{"mode":"usb_stream","type":"usb_stream","seq":11,"sim_iccid":"8933150821051278837","device_serial":"OTT-XX-XXX","firmware_version":"1.0","device_name":"OTT-8837","flow_lpm":0,"flowrate":0,"battery_percent":62.53971,"battery":62.53971,"rssi":0,"signal_strength":0,"interval_ms":1000,"sleep_minutes":5,"measurement_duration_ms":5,"calibration_coefficients":[0,1,0],"airflow_passes":2,"airflow_samples_per_pass":10,"airflow_delay_ms":5,"timestamp_ms":13686,"status":"USB_STREAM"}
00:00:14[SENSOR] Airflow passes=2 samples/passe=10 delay=5ms
00:00:14[SENSOR] Airflow raw=4095.0
00:00:14[SENSOR] Batterie ADC=2326 | V_adc=1.874V | V_batt=3.749V | Charge=62.4%
{"mode":"usb_stream","type":"usb_stream","seq":12,"sim_iccid":"8933150821051278837","device_serial":"OTT-XX-XXX","firmware_version":"1.0","device_name":"OTT-8837","flow_lpm":0,"flowrate":0,"battery_percent":62.4054,"battery":62.4054,"rssi":0,"signal_strength":0,"interval_ms":1000,"sleep_minutes":5,"measurement_duration_ms":5,"calibration_coefficients":[0,1,0],"airflow_passes":2,"airflow_samples_per_pass":10,"airflow_delay_ms":5,"timestamp_ms":14737,"status":"USB_STREAM"}
00:00:15[SENSOR] Airflow passes=2 samples/passe=10 delay=5ms
00:00:15[SENSOR] Airflow raw=4095.0
00:00:15[SENSOR] Batterie ADC=2327 | V_adc=1.875V | V_batt=3.750V | Charge=62.5%
{"mode":"usb_stream","type":"usb_stream","seq":13,"sim_iccid":"8933150821051278837","device_serial":"OTT-XX-XXX","firmware_version":"1.0","device_name":"OTT-8837","flow_lpm":0,"flowrate":0,"battery_percent":62.53971,"battery":62.53971,"rssi":0,"signal_strength":0,"interval_ms":1000,"sleep_minutes":5,"measurement_duration_ms":5,"calibration_coefficients":[0,1,0],"airflow_passes":2,"airflow_samples_per_pass":10,"airflow_delay_ms":5,"timestamp_ms":15788,"status":"USB_STREAM"}
00:00:16[SENSOR] Airflow passes=2 samples/passe=10 delay=5ms
00:00:16[SENSOR] Airflow raw=4095.0
00:00:16[SENSOR] Batterie ADC=2325 | V_adc=1.874V | V_batt=3.747V | Charge=62.3%
{"mode":"usb_stream","type":"usb_stream","seq":14,"sim_iccid":"8933150821051278837","device_serial":"OTT-XX-XXX","firmware_version":"1.0","device_name":"OTT-8837","flow_lpm":0,"flowrate":0,"battery_percent":62.27109,"battery":62.27109,"rssi":0,"signal_strength":0,"interval_ms":1000,"sleep_minutes":5,"measurement_duration_ms":5,"calibration_coefficients":[0,1,0],"airflow_passes":2,"airflow_samples_per_pass":10,"airflow_delay_ms":5,"timestamp_ms":16839,"status":"USB_STREAM"}
00:00:17[SENSOR] Airflow passes=2 samples/passe=10 delay=5ms
00:00:17[SENSOR] Airflow raw=4095.0
00:00:17[SENSOR] Batterie ADC=2330 | V_adc=1.878V | V_batt=3.755V | Charge=62.9%
{"mode":"usb_stream","type":"usb_stream","seq":15,"sim_iccid":"8933150821051278837","device_serial":"OTT-XX-XXX","firmware_version":"1.0","device_name":"OTT-8837","flow_lpm":0,"flowrate":0,"battery_percent":62.94263,"battery":62.94263,"rssi":0,"signal_strength":0,"interval_ms":1000,"sleep_minutes":5,"measurement_duration_ms":5,"calibration_coefficients":[0,1,0],"airflow_passes":2,"airflow_samples_per_pass":10,"airflow_delay_ms":5,"timestamp_ms":17890,"status":"USB_STREAM"}
00:00:18[SENSOR] Airflow passes=2 samples/passe=10 delay=5ms
00:00:18[SENSOR] Airflow raw=4095.0
00:00:18[SENSOR] Batterie ADC=2329 | V_adc=1.877V | V_batt=3.754V | Charge=62.8%
{"mode":"usb_stream","type":"usb_stream","seq":16,"sim_iccid":"8933150821051278837","device_serial":"OTT-XX-XXX","firmware_version":"1.0","device_name":"OTT-8837","flow_lpm":0,"flowrate":0,"battery_percent":62.80832,"battery":62.80832,"rssi":0,"signal_strength":0,"interval_ms":1000,"sleep_minutes":5,"measurement_duration_ms":5,"calibration_coefficients":[0,1,0],"airflow_passes":2,"airflow_samples_per_pass":10,"airflow_delay_ms":5,"timestamp_ms":18941,"status":"USB_STREAM"}
00:00:19[SENSOR] Airflow passes=2 samples/passe=10 delay=5ms
00:00:19[SENSOR] Airflow raw=4095.0
00:00:19[SENSOR] Batterie ADC=2327 | V_adc=1.875V | V_batt=3.750V | Charge=62.5%
{"mode":"usb_stream","type":"usb_stream","seq":17,"sim_iccid":"8933150821051278837","device_serial":"OTT-XX-XXX","firmware_version":"1.0","device_name":"OTT-8837","flow_lpm":0,"flowrate":0,"battery_percent":62.53971,"battery":62.53971,"rssi":0,"signal_strength":0,"interval_ms":1000,"sleep_minutes":5,"measurement_duration_ms":5,"calibration_coefficients":[0,1,0],"airflow_passes":2,"airflow_samples_per_pass":10,"airflow_delay_ms":5,"timestamp_ms":19992,"status":"USB_STREAM"}
00:00:20[SENSOR] Airflow passes=2 samples/passe=10 delay=5ms
00:00:20[SENSOR] Airflow raw=4095.0
00:00:21[SENSOR] Batterie ADC=2327 | V_adc=1.875V | V_batt=3.750V | Charge=62.5%
{"mode":"usb_stream","type":"usb_stream","seq":18,"sim_iccid":"8933150821051278837","device_serial":"OTT-XX-XXX","firmware_version":"1.0","device_name":"OTT-8837","flow_lpm":0,"flowrate":0,"battery_percent":62.53971,"battery":62.53971,"rssi":0,"signal_strength":0,"interval_ms":1000,"sleep_minutes":5,"measurement_duration_ms":5,"calibration_coefficients":[0,1,0],"airflow_passes":2,"airflow_samples_per_pass":10,"airflow_delay_ms":5,"timestamp_ms":21043,"status":"USB_STREAM"}
00:00:21[SENSOR] Airflow passes=2 samples/passe=10 delay=5ms
00:00:21[SENSOR] Airflow raw=4095.0
00:00:22[SENSOR] Batterie ADC=2329 | V_adc=1.877V | V_batt=3.754V | Charge=62.8%
{"mode":"usb_stream","type":"usb_stream","seq":19,"sim_iccid":"8933150821051278837","device_serial":"OTT-XX-XXX","firmware_version":"1.0","device_name":"OTT-8837","flow_lpm":0,"flowrate":0,"battery_percent":62.80832,"battery":62.80832,"rssi":0,"signal_strength":0,"interval_ms":1000,"sleep_minutes":5,"measurement_duration_ms":5,"calibration_coefficients":[0,1,0],"airflow_passes":2,"airflow_samples_per_pass":10,"airflow_delay_ms":5,"timestamp_ms":22094,"status":"USB_STREAM"}
00:00:23[SENSOR] Airflow passes=2 samples/passe=10 delay=5ms
00:00:23[SENSOR] Airflow raw=4095.0
00:00:23[SENSOR] Batterie ADC=2327 | V_adc=1.875V | V_batt=3.750V | Charge=62.5%
{"mode":"usb_stream","type":"usb_stream","seq":20,"sim_iccid":"8933150821051278837","device_serial":"OTT-XX-XXX","firmware_version":"1.0","device_name":"OTT-8837","flow_lpm":0,"flowrate":0,"battery_percent":62.53971,"battery":62.53971,"rssi":0,"signal_strength":0,"interval_ms":1000,"sleep_minutes":5,"measurement_duration_ms":5,"calibration_coefficients":[0,1,0],"airflow_passes":2,"airflow_samples_per_pass":10,"airflow_delay_ms":5,"timestamp_ms":23145,"status":"USB_STREAM"}
00:00:23[USB] Flow=0.00 L/min | Bat=63% | RSSI=0 dBm
00:00:24[SENSOR] Airflow passes=2 samples/passe=10 delay=5ms
00:00:24[SENSOR] Airflow raw=4095.0
00:00:24[SENSOR] Batterie ADC=2330 | V_adc=1.878V | V_batt=3.755V | Charge=62.9%
{"mode":"usb_stream","type":"usb_stream","seq":21,"sim_iccid":"8933150821051278837","device_serial":"OTT-XX-XXX","firmware_version":"1.0","device_name":"OTT-8837","flow_lpm":0,"flowrate":0,"battery_percent":62.94263,"battery":62.94263,"rssi":0,"signal_strength":0,"interval_ms":1000,"sleep_minutes":5,"measurement_duration_ms":5,"calibration_coefficients":[0,1,0],"airflow_passes":2,"airflow_samples_per_pass":10,"airflow_delay_ms":5,"timestamp_ms":24196,"status":"USB_STREAM"}
00:00:25[SENSOR] Airflow passes=2 samples/passe=10 delay=5ms
00:00:25[SENSOR] Airflow raw=4095.0
00:00:25[SENSOR] Batterie ADC=2330 | V_adc=1.878V | V_batt=3.755V | Charge=62.9%
{"mode":"usb_stream","type":"usb_stream","seq":22,"sim_iccid":"8933150821051278837","device_serial":"OTT-XX-XXX","firmware_version":"1.0","device_name":"OTT-8837","flow_lpm":0,"flowrate":0,"battery_percent":62.94263,"battery":62.94263,"rssi":0,"signal_strength":0,"interval_ms":1000,"sleep_minutes":5,"measurement_duration_ms":5,"calibration_coefficients":[0,1,0],"airflow_passes":2,"airflow_samples_per_pass":10,"airflow_delay_ms":5,"timestamp_ms":25247,"status":"USB_STREAM"}
00:00:26[SENSOR] Airflow passes=2 samples/passe=10 delay=5ms
00:00:26[SENSOR] Airflow raw=4095.0
00:00:26[SENSOR] Batterie ADC=2329 | V_adc=1.877V | V_batt=3.754V | Charge=62.8%
{"mode":"usb_stream","type":"usb_stream","seq":23,"sim_iccid":"8933150821051278837","device_serial":"OTT-XX-XXX","firmware_version":"1.0","device_name":"OTT-8837","flow_lpm":0,"flowrate":0,"battery_percent":62.80832,"battery":62.80832,"rssi":0,"signal_strength":0,"interval_ms":1000,"sleep_minutes":5,"measurement_duration_ms":5,"calibration_coefficients":[0,1,0],"airflow_passes":2,"airflow_samples_per_pass":10,"airflow_delay_ms":5,"timestamp_ms":26298,"status":"USB_STREAM"}
00:00:27[SENSOR] Airflow passes=2 samples/passe=10 delay=5ms
00:00:27[SENSOR] Airflow raw=4095.0
00:00:27[SENSOR] Batterie ADC=2329 | V_adc=1.877V | V_batt=3.754V | Charge=62.8%
{"mode":"usb_stream","type":"usb_stream","seq":24,"sim_iccid":"8933150821051278837","device_serial":"OTT-XX-XXX","firmware_version":"1.0","device_name":"OTT-8837","flow_lpm":0,"flowrate":0,"battery_percent":62.80832,"battery":62.80832,"rssi":0,"signal_strength":0,"interval_ms":1000,"sleep_minutes":5,"measurement_duration_ms":5,"calibration_coefficients":[0,1,0],"airflow_passes":2,"airflow_samples_per_pass":10,"airflow_delay_ms":5,"timestamp_ms":27349,"status":"USB_STREAM"}
00:00:28[SENSOR] Airflow passes=2 samples/passe=10 delay=5ms
00:00:28[SENSOR] Airflow raw=4095.0
00:00:28[SENSOR] Batterie ADC=2329 | V_adc=1.877V | V_batt=3.754V | Charge=62.8%
{"mode":"usb_stream","type":"usb_stream","seq":25,"sim_iccid":"8933150821051278837","device_serial":"OTT-XX-XXX","firmware_version":"1.0","device_name":"OTT-8837","flow_lpm":0,"flowrate":0,"battery_percent":62.80832,"battery":62.80832,"rssi":0,"signal_strength":0,"interval_ms":1000,"sleep_minutes":5,"measurement_duration_ms":5,"calibration_coefficients":[0,1,0],"airflow_passes":2,"airflow_samples_per_pass":10,"airflow_delay_ms":5,"timestamp_ms":28400,"status":"USB_STREAM"}
00:00:29[SENSOR] Airflow passes=2 samples/passe=10 delay=5ms
00:00:29[SENSOR] Airflow raw=4095.0
00:00:29[SENSOR] Batterie ADC=2327 | V_adc=1.875V | V_batt=3.750V | Charge=62.5%
{"mode":"usb_stream","type":"usb_stream","seq":26,"sim_iccid":"8933150821051278837","device_serial":"OTT-XX-XXX","firmware_version":"1.0","device_name":"OTT-8837","flow_lpm":0,"flowrate":0,"battery_percent":62.53971,"battery":62.53971,"rssi":0,"signal_strength":0,"interval_ms":1000,"sleep_minutes":5,"measurement_duration_ms":5,"calibration_coefficients":[0,1,0],"airflow_passes":2,"airflow_samples_per_pass":10,"airflow_delay_ms":5,"timestamp_ms":29451,"status":"USB_STREAM"}
[MODEM] Initialisation modem en arri??re-plan (pour RSSI)...
[MODEM] SIM verrouill??e ??? d??verrouillage
[MODEM] SIM READY
[MODEM] attache r??seau en cours (avec retry)
[MODEM][attach:start] CSQ=22 (RSSI=-66 dBm) reg=11 (ind??fini) oper=<n/a> eps=KO gprs=KO
[MODEM] attente r??seau... (tentative 1/3)
[MODEM][attach:retry] CSQ=22 (RSSI=-66 dBm) reg=11 (ind??fini) oper=<n/a> eps=KO gprs=KO
[MODEM] Attente 5000 ms avant prochaine tentative...
[MODEM][attach:success] CSQ=18 (RSSI=-74 dBm) reg=1 (attach?? (home)) oper=20815 eps=ok gprs=KO
[MODEM] connexion data
[MODEM][data:start] CSQ=18 (RSSI=-74 dBm) reg=1 (attach?? (home)) oper=20815 eps=ok gprs=KO
[MODEM] Tentative connexion GPRS avec APN: free
[MODEM][data:connected] CSQ=18 (RSSI=-74 dBm) reg=1 (attach?? (home)) oper=20815 eps=ok gprs=ok
[MODEM] ??? Connexion GPRS r??ussie avec APN: free
E (88346) task_wdt: Task watchdog got triggered. The following tasks/users did not reset the watchdog in time:
E (88346) task_wdt:  - loopTask (CPU 1)
E (88347) task_wdt: Tasks currently running:
E (88347) task_wdt: CPU 0: IDLE0
E (88347) task_wdt: CPU 1: IDLE1
E (88349) task_wdt: Aborting.
E (88361) task_wdt: Print CPU 1 (current core) backtrace
Backtrace: 0x400862bb:0x3ffc4410 0x40102dd1:0x3ffc4430 0x4008ab7f:0x3ffc4450 0x40089bb5:0x3ffc4470
ELF file SHA256: 4b62f5b0c
Rebooting...
ets Jul 29 2019 12:21:46
rst:0xc (SW_CPU_RESET),boot:0x12 (SPI_FAST_FLASH_BOOT)
configsip: 0, SPIWP:0xee
clk_drv:0x00,q_drv:0x00,d_drv:0x00,cs0_drv:0x00,hd_drv:0x00,wp_drv:0x00
mode:DIO, clock div:1
load:0x3fff0030,len:4980
load:0x40078000,len:16612
load:0x40080400,len:3500
entry 0x400805b4
[BOOT] UART pr??t
????????? OTT Firmware v1.0 ?????????
Serial: OTT-XX-XXX | ICCID: 8933012345
?????? Serial temporaire ??? Backend assignera OTT-YY-NNN
???? Auth: ICCID uniquement (pas de JWT)
[WDT] arm?? (30s)
??????  Sleep 5min | GPS OFF | WDT 30s | APN free
???? USB: Mode streaming (1s interval)
??? Streaming d??marr?? | Modem: arri??re-plan
00:00:03[SENSOR] Airflow passes=2 samples/passe=10 delay=5ms
00:00:03[SENSOR] Airflow raw=4095.0
00:00:03[SENSOR] Batterie ADC=2327 | V_adc=1.875V | V_batt=3.750V | Charge=62.5%
{"mode":"usb_stream","type":"usb_stream","seq":1,"sim_iccid":"8933150821051278837","device_serial":"OTT-XX-XXX","firmware_version":"1.0","device_name":"OTT-8837","flow_lpm":0,"flowrate":0,"battery_percent":62.53971,"battery":62.53971,"rssi":0,"signal_strength":0,"interval_ms":1000,"sleep_minutes":5,"measurement_duration_ms":5,"calibration_coefficients":[0,1,0],"airflow_passes":2,"airflow_samples_per_pass":10,"airflow_delay_ms":5,"timestamp_ms":3176,"status":"USB_STREAM"}
00:00:04[SENSOR] Airflow passes=2 samples/passe=10 delay=5ms
00:00:04[SENSOR] Airflow raw=4095.0
00:00:04[SENSOR] Batterie ADC=2329 | V_adc=1.877V | V_batt=3.754V | Charge=62.8%
{"mode":"usb_stream","type":"usb_stream","seq":2,"sim_iccid":"8933150821051278837","device_serial":"OTT-XX-XXX","firmware_version":"1.0","device_name":"OTT-8837","flow_lpm":0,"flowrate":0,"battery_percent":62.80832,"battery":62.80832,"rssi":0,"signal_strength":0,"interval_ms":1000,"sleep_minutes":5,"measurement_duration_ms":5,"calibration_coefficients":[0,1,0],"airflow_passes":2,"airflow_samples_per_pass":10,"airflow_delay_ms":5,"timestamp_ms":4227,"status":"USB_STREAM"}
00:00:05[SENSOR] Airflow passes=2 samples/passe=10 delay=5ms
00:00:05[SENSOR] Airflow raw=4095.0
00:00:05[SENSOR] Batterie ADC=2329 | V_adc=1.877V | V_batt=3.754V | Charge=62.8%
{"mode":"usb_stream","type":"usb_stream","seq":3,"sim_iccid":"8933150821051278837","device_serial":"OTT-XX-XXX","firmware_version":"1.0","device_name":"OTT-8837","flow_lpm":0,"flowrate":0,"battery_percent":62.80832,"battery":62.80832,"rssi":0,"signal_strength":0,"interval_ms":1000,"sleep_minutes":5,"measurement_duration_ms":5,"calibration_coefficients":[0,1,0],"airflow_passes":2,"airflow_samples_per_pass":10,"airflow_delay_ms":5,"timestamp_ms":5278,"status":"USB_STREAM"}
00:00:06[SENSOR] Airflow passes=2 samples/passe=10 delay=5ms
00:00:06[SENSOR] Airflow raw=4095.0
00:00:06[SENSOR] Batterie ADC=2326 | V_adc=1.874V | V_batt=3.749V | Charge=62.4%
{"mode":"usb_stream","type":"usb_stream","seq":4,"sim_iccid":"8933150821051278837","device_serial":"OTT-XX-XXX","firmware_version":"1.0","device_name":"OTT-8837","flow_lpm":0,"flowrate":0,"battery_percent":62.4054,"battery":62.4054,"rssi":0,"signal_strength":0,"interval_ms":1000,"sleep_minutes":5,"measurement_duration_ms":5,"calibration_coefficients":[0,1,0],"airflow_passes":2,"airflow_samples_per_pass":10,"airflow_delay_ms":5,"timestamp_ms":6329,"status":"USB_STREAM"}
00:00:07[SENSOR] Airflow passes=2 samples/passe=10 delay=5ms
00:00:07[SENSOR] Airflow raw=4095.0
00:00:07[SENSOR] Batterie ADC=2327 | V_adc=1.875V | V_batt=3.750V | Charge=62.5%
{"mode":"usb_stream","type":"usb_stream","seq":5,"sim_iccid":"8933150821051278837","device_serial":"OTT-XX-XXX","firmware_version":"1.0","device_name":"OTT-8837","flow_lpm":0,"flowrate":0,"battery_percent":62.53971,"battery":62.53971,"rssi":0,"signal_strength":0,"interval_ms":1000,"sleep_minutes":5,"measurement_duration_ms":5,"calibration_coefficients":[0,1,0],"airflow_passes":2,"airflow_samples_per_pass":10,"airflow_delay_ms":5,"timestamp_ms":7380,"status":"USB_STREAM"}
00:00:08[SENSOR] Airflow passes=2 samples/passe=10 delay=5ms
00:00:08[SENSOR] Airflow raw=4095.0
00:00:08[SENSOR] Batterie ADC=2327 | V_adc=1.875V | V_batt=3.750V | Charge=62.5%
{"mode":"usb_stream","type":"usb_stream","seq":6,"sim_iccid":"8933150821051278837","device_serial":"OTT-XX-XXX","firmware_version":"1.0","device_name":"OTT-8837","flow_lpm":0,"flowrate":0,"battery_percent":62.53971,"battery":62.53971,"rssi":0,"signal_strength":0,"interval_ms":1000,"sleep_minutes":5,"measurement_duration_ms":5,"calibration_coefficients":[0,1,0],"airflow_passes":2,"airflow_samples_per_pass":10,"airflow_delay_ms":5,"timestamp_ms":8431,"status":"USB_STREAM"}
00:00:09[SENSOR] Airflow passes=2 samples/passe=10 delay=5ms
00:00:09[SENSOR] Airflow raw=4095.0
00:00:09[SENSOR] Batterie ADC=2329 | V_adc=1.877V | V_batt=3.754V | Charge=62.8%
{"mode":"usb_stream","type":"usb_stream","seq":7,"sim_iccid":"8933150821051278837","device_serial":"OTT-XX-XXX","firmware_version":"1.0","device_name":"OTT-8837","flow_lpm":0,"flowrate":0,"battery_percent":62.80832,"battery":62.80832,"rssi":0,"signal_strength":0,"interval_ms":1000,"sleep_minutes":5,"measurement_duration_ms":5,"calibration_coefficients":[0,1,0],"airflow_passes":2,"airflow_samples_per_pass":10,"airflow_delay_ms":5,"timestamp_ms":9482,"status":"USB_STREAM"}
00:00:10[SENSOR] Airflow passes=2 samples/passe=10 delay=5ms
00:00:10[SENSOR] Airflow raw=4095.0
00:00:10[SENSOR] Batterie ADC=2326 | V_adc=1.874V | V_batt=3.749V | Charge=62.4%
{"mode":"usb_stream","type":"usb_stream","seq":8,"sim_iccid":"8933150821051278837","device_serial":"OTT-XX-XXX","firmware_version":"1.0","device_name":"OTT-8837","flow_lpm":0,"flowrate":0,"battery_percent":62.4054,"battery":62.4054,"rssi":0,"signal_strength":0,"interval_ms":1000,"sleep_minutes":5,"measurement_duration_ms":5,"calibration_coefficients":[0,1,0],"airflow_passes":2,"airflow_samples_per_pass":10,"airflow_delay_ms":5,"timestamp_ms":10533,"status":"USB_STREAM"}
00:00:11[SENSOR] Airflow passes=2 samples/passe=10 delay=5ms
00:00:11[SENSOR] Airflow raw=4095.0
00:00:11[SENSOR] Batterie ADC=2329 | V_adc=1.877V | V_batt=3.754V | Charge=62.8%
{"mode":"usb_stream","type":"usb_stream","seq":9,"sim_iccid":"8933150821051278837","device_serial":"OTT-XX-XXX","firmware_version":"1.0","device_name":"OTT-8837","flow_lpm":0,"flowrate":0,"battery_percent":62.80832,"battery":62.80832,"rssi":0,"signal_strength":0,"interval_ms":1000,"sleep_minutes":5,"measurement_duration_ms":5,"calibration_coefficients":[0,1,0],"airflow_passes":2,"airflow_samples_per_pass":10,"airflow_delay_ms":5,"timestamp_ms":11584,"status":"USB_STREAM"}
00:00:12[SENSOR] Airflow passes=2 samples/passe=10 delay=5ms
00:00:12[SENSOR] Airflow raw=4095.0
00:00:12[SENSOR] Batterie ADC=2327 | V_adc=1.875V | V_batt=3.750V | Charge=62.5%
{"mode":"usb_stream","type":"usb_stream","seq":10,"sim_iccid":"8933150821051278837","device_serial":"OTT-XX-XXX","firmware_version":"1.0","device_name":"OTT-8837","flow_lpm":0,"flowrate":0,"battery_percent":62.53971,"battery":62.53971,"rssi":0,"signal_strength":0,"interval_ms":1000,"sleep_minutes":5,"measurement_duration_ms":5,"calibration_coefficients":[0,1,0],"airflow_passes":2,"airflow_samples_per_pass":10,"airflow_delay_ms":5,"timestamp_ms":12635,"status":"USB_STREAM"}
00:00:13[SENSOR] Airflow passes=2 samples/passe=10 delay=5ms
00:00:13[SENSOR] Airflow raw=4095.0
00:00:13[SENSOR] Batterie ADC=2327 | V_adc=1.875V | V_batt=3.750V | Charge=62.5%
{"mode":"usb_stream","type":"usb_stream","seq":11,"sim_iccid":"8933150821051278837","device_serial":"OTT-XX-XXX","firmware_version":"1.0","device_name":"OTT-8837","flow_lpm":0,"flowrate":0,"battery_percent":62.53971,"battery":62.53971,"rssi":0,"signal_strength":0,"interval_ms":1000,"sleep_minutes":5,"measurement_duration_ms":5,"calibration_coefficients":[0,1,0],"airflow_passes":2,"airflow_samples_per_pass":10,"airflow_delay_ms":5,"timestamp_ms":13686,"status":"USB_STREAM"}
00:00:14[SENSOR] Airflow passes=2 samples/passe=10 delay=5ms
00:00:14[SENSOR] Airflow raw=4095.0
00:00:14[SENSOR] Batterie ADC=2329 | V_adc=1.877V | V_batt=3.754V | Charge=62.8%
{"mode":"usb_stream","type":"usb_stream","seq":12,"sim_iccid":"8933150821051278837","device_serial":"OTT-XX-XXX","firmware_version":"1.0","device_name":"OTT-8837","flow_lpm":0,"flowrate":0,"battery_percent":62.80832,"battery":62.80832,"rssi":0,"signal_strength":0,"interval_ms":1000,"sleep_minutes":5,"measurement_duration_ms":5,"calibration_coefficients":[0,1,0],"airflow_passes":2,"airflow_samples_per_pass":10,"airflow_delay_ms":5,"timestamp_ms":14737,"status":"USB_STREAM"}
00:00:15[SENSOR] Airflow passes=2 samples/passe=10 delay=5ms
00:00:15[SENSOR] Airflow raw=4095.0
00:00:15[SENSOR] Batterie ADC=2326 | V_adc=1.874V | V_batt=3.749V | Charge=62.4%
{"mode":"usb_stream","type":"usb_stream","seq":13,"sim_iccid":"8933150821051278837","device_serial":"OTT-XX-XXX","firmware_version":"1.0","device_name":"OTT-8837","flow_lpm":0,"flowrate":0,"battery_percent":62.4054,"battery":62.4054,"rssi":0,"signal_strength":0,"interval_ms":1000,"sleep_minutes":5,"measurement_duration_ms":5,"calibration_coefficients":[0,1,0],"airflow_passes":2,"airflow_samples_per_pass":10,"airflow_delay_ms":5,"timestamp_ms":15788,"status":"USB_STREAM"}
00:00:16[SENSOR] Airflow passes=2 samples/passe=10 delay=5ms
00:00:16[SENSOR] Airflow raw=4095.0
00:00:16[SENSOR] Batterie ADC=2327 | V_adc=1.875V | V_batt=3.750V | Charge=62.5%
{"mode":"usb_stream","type":"usb_stream","seq":14,"sim_iccid":"8933150821051278837","device_serial":"OTT-XX-XXX","firmware_version":"1.0","device_name":"OTT-8837","flow_lpm":0,"flowrate":0,"battery_percent":62.53971,"battery":62.53971,"rssi":0,"signal_strength":0,"interval_ms":1000,"sleep_minutes":5,"measurement_duration_ms":5,"calibration_coefficients":[0,1,0],"airflow_passes":2,"airflow_samples_per_pass":10,"airflow_delay_ms":5,"timestamp_ms":16839,"status":"USB_STREAM"}
00:00:17[SENSOR] Airflow passes=2 samples/passe=10 delay=5ms
00:00:17[SENSOR] Airflow raw=4095.0
00:00:17[SENSOR] Batterie ADC=2326 | V_adc=1.874V | V_batt=3.749V | Charge=62.4%
{"mode":"usb_stream","type":"usb_stream","seq":15,"sim_iccid":"8933150821051278837","device_serial":"OTT-XX-XXX","firmware_version":"1.0","device_name":"OTT-8837","flow_lpm":0,"flowrate":0,"battery_percent":62.4054,"battery":62.4054,"rssi":0,"signal_strength":0,"interval_ms":1000,"sleep_minutes":5,"measurement_duration_ms":5,"calibration_coefficients":[0,1,0],"airflow_passes":2,"airflow_samples_per_pass":10,"airflow_delay_ms":5,"timestamp_ms":17890,"status":"USB_STREAM"}
00:00:18[SENSOR] Airflow passes=2 samples/passe=10 delay=5ms
00:00:18[SENSOR] Airflow raw=4095.0
00:00:18[SENSOR] Batterie ADC=2326 | V_adc=1.874V | V_batt=3.749V | Charge=62.4%
{"mode":"usb_stream","type":"usb_stream","seq":16,"sim_iccid":"8933150821051278837","device_serial":"OTT-XX-XXX","firmware_version":"1.0","device_name":"OTT-8837","flow_lpm":0,"flowrate":0,"battery_percent":62.4054,"battery":62.4054,"rssi":0,"signal_strength":0,"interval_ms":1000,"sleep_minutes":5,"measurement_duration_ms":5,"calibration_coefficients":[0,1,0],"airflow_passes":2,"airflow_samples_per_pass":10,"airflow_delay_ms":5,"timestamp_ms":18941,"status":"USB_STREAM"}
00:00:19[SENSOR] Airflow passes=2 samples/passe=10 delay=5ms
00:00:19[SENSOR] Airflow raw=4095.0
00:00:19[SENSOR] Batterie ADC=2327 | V_adc=1.875V | V_batt=3.750V | Charge=62.5%
{"mode":"usb_stream","type":"usb_stream","seq":17,"sim_iccid":"8933150821051278837","device_serial":"OTT-XX-XXX","firmware_version":"1.0","device_name":"OTT-8837","flow_lpm":0,"flowrate":0,"battery_percent":62.53971,"battery":62.53971,"rssi":0,"signal_strength":0,"interval_ms":1000,"sleep_minutes":5,"measurement_duration_ms":5,"calibration_coefficients":[0,1,0],"airflow_passes":2,"airflow_samples_per_pass":10,"airflow_delay_ms":5,"timestamp_ms":19992,"status":"USB_STREAM"}
00:00:20[SENSOR] Airflow passes=2 samples/passe=10 delay=5ms
00:00:20[SENSOR] Airflow raw=4095.0
00:00:21[SENSOR] Batterie ADC=2326 | V_adc=1.874V | V_batt=3.749V | Charge=62.4%
{"mode":"usb_stream","type":"usb_stream","seq":18,"sim_iccid":"8933150821051278837","device_serial":"OTT-XX-XXX","firmware_version":"1.0","device_name":"OTT-8837","flow_lpm":0,"flowrate":0,"battery_percent":62.4054,"battery":62.4054,"rssi":0,"signal_strength":0,"interval_ms":1000,"sleep_minutes":5,"measurement_duration_ms":5,"calibration_coefficients":[0,1,0],"airflow_passes":2,"airflow_samples_per_pass":10,"airflow_delay_ms":5,"timestamp_ms":21043,"status":"USB_STREAM"}
00:00:21[SENSOR] Airflow passes=2 samples/passe=10 delay=5ms
00:00:21[SENSOR] Airflow raw=4095.0
00:00:22[SENSOR] Batterie ADC=2327 | V_adc=1.875V | V_batt=3.750V | Charge=62.5%
{"mode":"usb_stream","type":"usb_stream","seq":19,"sim_iccid":"8933150821051278837","device_serial":"OTT-XX-XXX","firmware_version":"1.0","device_name":"OTT-8837","flow_lpm":0,"flowrate":0,"battery_percent":62.53971,"battery":62.53971,"rssi":0,"signal_strength":0,"interval_ms":1000,"sleep_minutes":5,"measurement_duration_ms":5,"calibration_coefficients":[0,1,0],"airflow_passes":2,"airflow_samples_per_pass":10,"airflow_delay_ms":5,"timestamp_ms":22094,"status":"USB_STREAM"}
00:00:23[SENSOR] Airflow passes=2 samples/passe=10 delay=5ms
00:00:23[SENSOR] Airflow raw=4095.0
00:00:23[SENSOR] Batterie ADC=2327 | V_adc=1.875V | V_batt=3.750V | Charge=62.5%
{"mode":"usb_stream","type":"usb_stream","seq":20,"sim_iccid":"8933150821051278837","device_serial":"OTT-XX-XXX","firmware_version":"1.0","device_name":"OTT-8837","flow_lpm":0,"flowrate":0,"battery_percent":62.53971,"battery":62.53971,"rssi":0,"signal_strength":0,"interval_ms":1000,"sleep_minutes":5,"measurement_duration_ms":5,"calibration_coefficients":[0,1,0],"airflow_passes":2,"airflow_samples_per_pass":10,"airflow_delay_ms":5,"timestamp_ms":23145,"status":"USB_STREAM"}
00:00:23[USB] Flow=0.00 L/min | Bat=63% | RSSI=0 dBm
00:00:24[SENSOR] Airflow passes=2 samples/passe=10 delay=5ms
00:00:24[SENSOR] Airflow raw=4095.0
00:00:24[SENSOR] Batterie ADC=2327 | V_adc=1.875V | V_batt=3.750V | Charge=62.5%
{"mode":"usb_stream","type":"usb_stream","seq":21,"sim_iccid":"8933150821051278837","device_serial":"OTT-XX-XXX","firmware_version":"1.0","device_name":"OTT-8837","flow_lpm":0,"flowrate":0,"battery_percent":62.53971,"battery":62.53971,"rssi":0,"signal_strength":0,"interval_ms":1000,"sleep_minutes":5,"measurement_duration_ms":5,"calibration_coefficients":[0,1,0],"airflow_passes":2,"airflow_samples_per_pass":10,"airflow_delay_ms":5,"timestamp_ms":24196,"status":"USB_STREAM"}
00:00:25[SENSOR] Airflow passes=2 samples/passe=10 delay=5ms
00:00:25[SENSOR] Airflow raw=4095.0
00:00:25[SENSOR] Batterie ADC=2326 | V_adc=1.874V | V_batt=3.749V | Charge=62.4%
{"mode":"usb_stream","type":"usb_stream","seq":22,"sim_iccid":"8933150821051278837","device_serial":"OTT-XX-XXX","firmware_version":"1.0","device_name":"OTT-8837","flow_lpm":0,"flowrate":0,"battery_percent":62.4054,"battery":62.4054,"rssi":0,"signal_strength":0,"interval_ms":1000,"sleep_minutes":5,"measurement_duration_ms":5,"calibration_coefficients":[0,1,0],"airflow_passes":2,"airflow_samples_per_pass":10,"airflow_delay_ms":5,"timestamp_ms":25247,"status":"USB_STREAM"}
00:00:26[SENSOR] Airflow passes=2 samples/passe=10 delay=5ms
00:00:26[SENSOR] Airflow raw=4095.0
00:00:26[SENSOR] Batterie ADC=2329 | V_adc=1.877V | V_batt=3.754V | Charge=62.8%
{"mode":"usb_stream","type":"usb_stream","seq":23,"sim_iccid":"8933150821051278837","device_serial":"OTT-XX-XXX","firmware_version":"1.0","device_name":"OTT-8837","flow_lpm":0,"flowrate":0,"battery_percent":62.80832,"battery":62.80832,"rssi":0,"signal_strength":0,"interval_ms":1000,"sleep_minutes":5,"measurement_duration_ms":5,"calibration_coefficients":[0,1,0],"airflow_passes":2,"airflow_samples_per_pass":10,"airflow_delay_ms":5,"timestamp_ms":26298,"status":"USB_STREAM"}
00:00:27[SENSOR] Airflow passes=2 samples/passe=10 delay=5ms
00:00:27[SENSOR] Airflow raw=4095.0
00:00:27[SENSOR] Batterie ADC=2327 | V_adc=1.875V | V_batt=3.750V | Charge=62.5%
{"mode":"usb_stream","type":"usb_stream","seq":24,"sim_iccid":"8933150821051278837","device_serial":"OTT-XX-XXX","firmware_version":"1.0","device_name":"OTT-8837","flow_lpm":0,"flowrate":0,"battery_percent":62.53971,"battery":62.53971,"rssi":0,"signal_strength":0,"interval_ms":1000,"sleep_minutes":5,"measurement_duration_ms":5,"calibration_coefficients":[0,1,0],"airflow_passes":2,"airflow_samples_per_pass":10,"airflow_delay_ms":5,"timestamp_ms":27349,"status":"USB_STREAM"}
00:00:28[SENSOR] Airflow passes=2 samples/passe=10 delay=5ms
00:00:28[SENSOR] Airflow raw=4095.0
00:00:28[SENSOR] Batterie ADC=2329 | V_adc=1.877V | V_batt=3.754V | Charge=62.8%
{"mode":"usb_stream","type":"usb_stream","seq":25,"sim_iccid":"8933150821051278837","device_serial":"OTT-XX-XXX","firmware_version":"1.0","device_name":"OTT-8837","flow_lpm":0,"flowrate":0,"battery_percent":62.80832,"battery":62.80832,"rssi":0,"signal_strength":0,"interval_ms":1000,"sleep_minutes":5,"measurement_duration_ms":5,"calibration_coefficients":[0,1,0],"airflow_passes":2,"airflow_samples_per_pass":10,"airflow_delay_ms":5,"timestamp_ms":28400,"status":"USB_STREAM"}
00:00:29[SENSOR] Airflow passes=2 samples/passe=10 delay=5ms
00:00:29[SENSOR] Airflow raw=4095.0
00:00:29[SENSOR] Batterie ADC=2327 | V_adc=1.875V | V_batt=3.750V | Charge=62.5%
{"mode":"usb_stream","type":"usb_stream","seq":26,"sim_iccid":"8933150821051278837","device_serial":"OTT-XX-XXX","firmware_version":"1.0","device_name":"OTT-8837","flow_lpm":0,"flowrate":0,"battery_percent":62.53971,"battery":62.53971,"rssi":0,"signal_strength":0,"interval_ms":1000,"sleep_minutes":5,"measurement_duration_ms":5,"calibration_coefficients":[0,1,0],"airflow_passes":2,"airflow_samples_per_pass":10,"airflow_delay_ms":5,"timestamp_ms":29451,"status":"USB_STREAM"}
[MODEM] Initialisation modem en arri??re-plan (pour RSSI)...
[MODEM] SIM verrouill??e ??? d??verrouillage
[MODEM] SIM READY
[MODEM] attache r??seau en cours (avec retry)
[MODEM][attach:start] CSQ=24 (RSSI=-62 dBm) reg=11 (ind??fini) oper=<n/a> eps=KO gprs=KO
[MODEM] attente r??seau... (tentative 1/3)
[MODEM][attach:retry] CSQ=24 (RSSI=-62 dBm) reg=11 (ind??fini) oper=<n/a> eps=KO gprs=KO
[MODEM] Attente 5000 ms avant prochaine tentative...
[MODEM] attente r??seau... (tentative 2/3)
[MODEM][attach:retry] CSQ=16 (RSSI=-78 dBm) reg=3 (refus??) oper=20801 eps=KO gprs=KO
[MODEM] ??????  ENREGISTREMENT REFUS?? - Causes possibles:
[MODEM]   1. Carte SIM non activ??e pour les donn??es
[MODEM]   2. APN incorrect pour l'op??rateur
[MODEM]   3. Probl??me d'authentification r??seau
[MODEM]   ??? APN recommand?? pour 20801: orange (actuel: free)
[MODEM] Attente 10000 ms avant prochaine tentative...
[MODEM] attente r??seau... (tentative 3/3)
[MODEM][attach:retry] CSQ=16 (RSSI=-78 dBm) reg=3 (refus??) oper=20801 eps=KO gprs=KO
[MODEM] ??????  ENREGISTREMENT REFUS?? - Causes possibles:
[MODEM]   1. Carte SIM non activ??e pour les donn??es
[MODEM]   2. APN incorrect pour l'op??rateur
[MODEM]   3. Probl??me d'authentification r??seau
[MODEM]   ??? APN recommand?? pour 20801: orange (actuel: free)
[MODEM] Attente 20000 ms avant prochaine tentative...
E (105581) task_wdt: Task watchdog got triggered. The following tasks/users did not reset the watchdog in time:
E (105581) task_wdt:  - loopTask (CPU 1)
E (105582) task_wdt: Tasks currently running:
E (105582) task_wdt: CPU 0: IDLE0
E (105582) task_wdt: CPU 1: IDLE1
E (105584) task_wdt: Aborting.
E (105596) task_wdt: Print CPU 1 (current core) backtrace
Backtrace: 0x400862bb:0x3ffc4410 0x40102dd1:0x3ffc4430 0x4008ab7f:0x3ffc4450 0x40089bb5:0x3ffc4470
ELF file SHA256: 4b62f5b0c
Rebooting...
ets Jul 29 2019 12:21:46
rst:0xc (SW_CPU_RESET),boot:0x12 (SPI_FAST_FLASH_BOOT)
configsip: 0, SPIWP:0xee
clk_drv:0x00,q_drv:0x00,d_drv:0x00,cs0_drv:0x00,hd_drv:0x00,wp_drv:0x00
mode:DIO, clock div:1
load:0x3fff0030,len:4980
load:0x40078000,len:16612
load:0x40080400,len:3500
entry 0x400805b4
[BOOT] UART pr??t
????????? OTT Firmware v1.0 ?????????
Serial: OTT-XX-XXX | ICCID: 8933012345
?????? Serial temporaire ??? Backend assignera OTT-YY-NNN
???? Auth: ICCID uniquement (pas de JWT)
[WDT] arm?? (30s)
??????  Sleep 5min | GPS OFF | WDT 30s | APN free
???? USB: Mode streaming (1s interval)
??? Streaming d??marr?? | Modem: arri??re-plan
00:00:03[SENSOR] Airflow passes=2 samples/passe=10 delay=5ms
00:00:03[SENSOR] Airflow raw=4095.0
00:00:03[SENSOR] Batterie ADC=2327 | V_adc=1.875V | V_batt=3.750V | Charge=62.5%
{"mode":"usb_stream","type":"usb_stream","seq":1,"sim_iccid":"8933150821051278837","device_serial":"OTT-XX-XXX","firmware_version":"1.0","device_name":"OTT-8837","flow_lpm":0,"flowrate":0,"battery_percent":62.53971,"battery":62.53971,"rssi":0,"signal_strength":0,"interval_ms":1000,"sleep_minutes":5,"measurement_duration_ms":5,"calibration_coefficients":[0,1,0],"airflow_passes":2,"airflow_samples_per_pass":10,"airflow_delay_ms":5,"timestamp_ms":3175,"status":"USB_STREAM"}
00:00:04[SENSOR] Airflow passes=2 samples/passe=10 delay=5ms
00:00:04[SENSOR] Airflow raw=4095.0
00:00:04[SENSOR] Batterie ADC=2326 | V_adc=1.874V | V_batt=3.749V | Charge=62.4%
{"mode":"usb_stream","type":"usb_stream","seq":2,"sim_iccid":"8933150821051278837","device_serial":"OTT-XX-XXX","firmware_version":"1.0","device_name":"OTT-8837","flow_lpm":0,"flowrate":0,"battery_percent":62.4054,"battery":62.4054,"rssi":0,"signal_strength":0,"interval_ms":1000,"sleep_minutes":5,"measurement_duration_ms":5,"calibration_coefficients":[0,1,0],"airflow_passes":2,"airflow_samples_per_pass":10,"airflow_delay_ms":5,"timestamp_ms":4226,"status":"USB_STREAM"}
00:00:05[SENSOR] Airflow passes=2 samples/passe=10 delay=5ms
00:00:05[SENSOR] Airflow raw=4095.0
00:00:05[SENSOR] Batterie ADC=2329 | V_adc=1.877V | V_batt=3.754V | Charge=62.8%
{"mode":"usb_stream","type":"usb_stream","seq":3,"sim_iccid":"8933150821051278837","device_serial":"OTT-XX-XXX","firmware_version":"1.0","device_name":"OTT-8837","flow_lpm":0,"flowrate":0,"battery_percent":62.80832,"battery":62.80832,"rssi":0,"signal_strength":0,"interval_ms":1000,"sleep_minutes":5,"measurement_duration_ms":5,"calibration_coefficients":[0,1,0],"airflow_passes":2,"airflow_samples_per_pass":10,"airflow_delay_ms":5,"timestamp_ms":5277,"status":"USB_STREAM"}
00:00:06[SENSOR] Airflow passes=2 samples/passe=10 delay=5ms
00:00:06[SENSOR] Airflow raw=4095.0
00:00:06[SENSOR] Batterie ADC=2327 | V_adc=1.875V | V_batt=3.750V | Charge=62.5%
{"mode":"usb_stream","type":"usb_stream","seq":4,"sim_iccid":"8933150821051278837","device_serial":"OTT-XX-XXX","firmware_version":"1.0","device_name":"OTT-8837","flow_lpm":0,"flowrate":0,"battery_percent":62.53971,"battery":62.53971,"rssi":0,"signal_strength":0,"interval_ms":1000,"sleep_minutes":5,"measurement_duration_ms":5,"calibration_coefficients":[0,1,0],"airflow_passes":2,"airflow_samples_per_pass":10,"airflow_delay_ms":5,"timestamp_ms":6328,"status":"USB_STREAM"}
00:00:07[SENSOR] Airflow passes=2 samples/passe=10 delay=5ms
00:00:07[SENSOR] Airflow raw=4095.0
00:00:07[SENSOR] Batterie ADC=2326 | V_adc=1.874V | V_batt=3.749V | Charge=62.4%
{"mode":"usb_stream","type":"usb_stream","seq":5,"sim_iccid":"8933150821051278837","device_serial":"OTT-XX-XXX","firmware_version":"1.0","device_name":"OTT-8837","flow_lpm":0,"flowrate":0,"battery_percent":62.4054,"battery":62.4054,"rssi":0,"signal_strength":0,"interval_ms":1000,"sleep_minutes":5,"measurement_duration_ms":5,"calibration_coefficients":[0,1,0],"airflow_passes":2,"airflow_samples_per_pass":10,"airflow_delay_ms":5,"timestamp_ms":7379,"status":"USB_STREAM"}
